-------------------------------------------------------------------------------
Test set: com.ayanami.okoyo.UserTest
-------------------------------------------------------------------------------
Tests run: 1, Failures: 1, Errors: 0, Skipped: 0, Time elapsed: 0.033 s <<< FAILURE! - in com.ayanami.okoyo.UserTest
testFindByLogin  Time elapsed: 0.012 s  <<< FAILURE!
java.lang.AssertionError: 

Expecting actual not to be null
	at com.ayanami.okoyo.UserTest.testFindByLogin(UserTest.java:23)

